Grammar

    0 $accept: S $end

    1 S: E '\n'
    2  | /* empty */

    3 E: E '+' E
    4  | E '-' E
    5  | E '*' E
    6  | E '/' E
    7  | NUM


Terminals, with rules where they appear

$end (0) 0
'\n' (10) 1
'*' (42) 5
'+' (43) 3
'-' (45) 4
'/' (47) 6
error (256)
NUM (258) 7


Nonterminals, with rules where they appear

$accept (9)
    on left: 0
S (10)
    on left: 1 2, on right: 0
E (11)
    on left: 3 4 5 6 7, on right: 1 3 4 5 6


state 0

    0 $accept: . S $end

    NUM  shift, and go to state 1

    $default  reduce using rule 2 (S)

    S  go to state 2
    E  go to state 3


state 1

    7 E: NUM .

    $default  reduce using rule 7 (E)


state 2

    0 $accept: S . $end

    $end  shift, and go to state 4


state 3

    1 S: E . '\n'
    3 E: E . '+' E
    4  | E . '-' E
    5  | E . '*' E
    6  | E . '/' E

    '+'   shift, and go to state 5
    '-'   shift, and go to state 6
    '*'   shift, and go to state 7
    '/'   shift, and go to state 8
    '\n'  shift, and go to state 9


state 4

    0 $accept: S $end .

    $default  accept


state 5

    3 E: E '+' . E

    NUM  shift, and go to state 1

    E  go to state 10


state 6

    4 E: E '-' . E

    NUM  shift, and go to state 1

    E  go to state 11


state 7

    5 E: E '*' . E

    NUM  shift, and go to state 1

    E  go to state 12


state 8

    6 E: E '/' . E

    NUM  shift, and go to state 1

    E  go to state 13


state 9

    1 S: E '\n' .

    $default  reduce using rule 1 (S)


state 10

    3 E: E . '+' E
    3  | E '+' E .
    4  | E . '-' E
    5  | E . '*' E
    6  | E . '/' E

    '*'  shift, and go to state 7
    '/'  shift, and go to state 8

    $default  reduce using rule 3 (E)


state 11

    3 E: E . '+' E
    4  | E . '-' E
    4  | E '-' E .
    5  | E . '*' E
    6  | E . '/' E

    '*'  shift, and go to state 7
    '/'  shift, and go to state 8

    $default  reduce using rule 4 (E)


state 12

    3 E: E . '+' E
    4  | E . '-' E
    5  | E . '*' E
    5  | E '*' E .
    6  | E . '/' E

    $default  reduce using rule 5 (E)


state 13

    3 E: E . '+' E
    4  | E . '-' E
    5  | E . '*' E
    6  | E . '/' E
    6  | E '/' E .

    $default  reduce using rule 6 (E)
